<?xml version="1.0" encoding="UTF-8"?>
<!-- Generated by org.testng.reporters.JUnitReportReporter -->
<testsuite skipped="0" hostname="SantoshSrinivas-15MBP-0401.local" name="com.restassured.TC003_GET_Request" tests="1" failures="0" timestamp="2020-05-10T10:50:35 IST" time="0.525" errors="0">
  <testcase name="googleMapTest" time="0.525" classname="com.restassured.TC003_GET_Request"/>
  <system-out/>
</testsuite> <!-- com.restassured.TC003_GET_Request -->
