<?xml version="1.0" encoding="UTF-8"?>
<!-- Generated by org.testng.reporters.JUnitReportReporter -->
<testsuite skipped="0" hostname="SantoshSrinivas-15MBP-0401.local" name="datadriventesting.DataDriven_AddEmp" tests="4" failures="0" timestamp="2020-05-10T10:50:35 IST" time="4.141" errors="0">
  <testcase name="addNewEmp" time="0.912" classname="datadriventesting.DataDriven_AddEmp"/>
  <system-out/>
  <testcase name="addNewEmp" time="0.877" classname="datadriventesting.DataDriven_AddEmp"/>
  <system-out/>
  <testcase name="addNewEmp" time="0.861" classname="datadriventesting.DataDriven_AddEmp"/>
  <system-out/>
  <testcase name="addNewEmp" time="1.491" classname="datadriventesting.DataDriven_AddEmp"/>
  <system-out/>
</testsuite> <!-- datadriventesting.DataDriven_AddEmp -->
